Started GET "/" for 127.0.0.1 at 2022-08-26 08:24:28 -0400
  [1m[36mActiveRecord::SchemaMigration Pluck (48.6ms)[0m  [1m[34mSELECT "schema_migrations"."version" FROM "schema_migrations" ORDER BY "schema_migrations"."version" ASC[0m
Processing by UsersController#index as HTML
  Rendering layout layouts/application.html.erb
  Rendering users/index.html.erb within layouts/application
  [1m[36mUser Load (12.3ms)[0m  [1m[34mSELECT "users".* FROM "users" ORDER BY "users"."name" ASC[0m
  ↳ app/views/users/index.html.erb:1
  Rendered users/index.html.erb within layouts/application (Duration: 15.7ms | Allocations: 1404)
  Rendered layout layouts/application.html.erb (Duration: 458.1ms | Allocations: 99191)
Completed 200 OK in 573ms (Views: 468.2ms | ActiveRecord: 57.3ms | Allocations: 111974)


Started GET "/" for 127.0.0.1 at 2022-08-26 08:24:47 -0400
Processing by UsersController#index as HTML
  Rendering layout layouts/application.html.erb
  Rendering users/index.html.erb within layouts/application
  [1m[36mUser Load (0.4ms)[0m  [1m[34mSELECT "users".* FROM "users" ORDER BY "users"."name" ASC[0m
  ↳ app/views/users/index.html.erb:1
  Rendered users/index.html.erb within layouts/application (Duration: 2.1ms | Allocations: 639)
  Rendered layout layouts/application.html.erb (Duration: 7.0ms | Allocations: 3203)
Completed 200 OK in 9ms (Views: 7.5ms | ActiveRecord: 0.4ms | Allocations: 3647)


Started GET "/app/views/users/index.html.erb" for 127.0.0.1 at 2022-08-26 08:25:30 -0400
  
ActionController::RoutingError (No route matches [GET] "/app/views/users/index.html.erb"):
  
Started GET "/app/views/users" for 127.0.0.1 at 2022-08-26 08:25:46 -0400
  
ActionController::RoutingError (No route matches [GET] "/app/views/users"):
  
Started GET "/app/" for 127.0.0.1 at 2022-08-26 08:25:52 -0400
  
ActionController::RoutingError (No route matches [GET] "/app"):
  
Started GET "/" for 127.0.0.1 at 2022-08-26 08:25:58 -0400
Processing by UsersController#index as HTML
  Rendering layout layouts/application.html.erb
  Rendering users/index.html.erb within layouts/application
  [1m[36mUser Load (0.6ms)[0m  [1m[34mSELECT "users".* FROM "users" ORDER BY "users"."name" ASC[0m
  ↳ app/views/users/index.html.erb:1
  Rendered users/index.html.erb within layouts/application (Duration: 5.6ms | Allocations: 635)
  Rendered layout layouts/application.html.erb (Duration: 14.9ms | Allocations: 3177)
Completed 200 OK in 18ms (Views: 15.6ms | ActiveRecord: 0.6ms | Allocations: 3601)


